Godot Engine v3.2.3.stable.official - https://godotengine.org
OpenGL ES 3.0 Renderer: GeForce GT 1030/PCIe/SSE2
 
**ERROR**: Can't use get_node() with absolute paths from outside the active scene tree.
   At: scene/main/node.cpp:1320:get_node_or_null() - Condition "!data.inside_tree && p_path.is_absolute()" is true. Returned: __null
**ERROR**: Resource: 'res://scenes/Cutscene1/Cutscene1.tscn' is already being loaded. Cyclic reference?
   At: core/io/resource_loader.cpp:361:load() - Condition "!success" is true. Returned: RES()
**ERROR**: Can't use get_node() with absolute paths from outside the active scene tree.
   At: scene/main/node.cpp:1320:get_node_or_null() - Condition "!data.inside_tree && p_path.is_absolute()" is true. Returned: __null
**ERROR**: Can't use get_node() with absolute paths from outside the active scene tree.
   At: scene/main/node.cpp:1320:get_node_or_null() - Condition "!data.inside_tree && p_path.is_absolute()" is true. Returned: __null
**ERROR**: Can't use get_node() with absolute paths from outside the active scene tree.
   At: scene/main/node.cpp:1320:get_node_or_null() - Condition "!data.inside_tree && p_path.is_absolute()" is true. Returned: __null
**ERROR**: Can't use get_node() with absolute paths from outside the active scene tree.
   At: scene/main/node.cpp:1320:get_node_or_null() - Condition "!data.inside_tree && p_path.is_absolute()" is true. Returned: __null
**ERROR**: Can't use get_node() with absolute paths from outside the active scene tree.
   At: scene/main/node.cpp:1320:get_node_or_null() - Condition "!data.inside_tree && p_path.is_absolute()" is true. Returned: __null
**ERROR**: Can't use get_node() with absolute paths from outside the active scene tree.
   At: scene/main/node.cpp:1320:get_node_or_null() - Condition "!data.inside_tree && p_path.is_absolute()" is true. Returned: __null
**ERROR**: Can't use get_node() with absolute paths from outside the active scene tree.
   At: scene/main/node.cpp:1320:get_node_or_null() - Condition "!data.inside_tree && p_path.is_absolute()" is true. Returned: __null
**ERROR**: Can't use get_node() with absolute paths from outside the active scene tree.
   At: scene/main/node.cpp:1320:get_node_or_null() - Condition "!data.inside_tree && p_path.is_absolute()" is true. Returned: __null
**ERROR**: Can't use get_node() with absolute paths from outside the active scene tree.
   At: scene/main/node.cpp:1320:get_node_or_null() - Condition "!data.inside_tree && p_path.is_absolute()" is true. Returned: __null
**ERROR**: Can't use get_node() with absolute paths from outside the active scene tree.
   At: scene/main/node.cpp:1320:get_node_or_null() - Condition "!data.inside_tree && p_path.is_absolute()" is true. Returned: __null
